<?xml version="1.0" encoding="UTF-8"?>
<!-- Generated by org.testng.reporters.JUnitXMLReporter -->
<testsuite ignored="1" hostname="MSI" failures="0" tests="1" name="Default test" time="78.39" errors="0" timestamp="2021-05-14T02:44:35 IST">
  <testcase classname="com.innosabi.e2e.tests.InnovationChallengeTest" name="submitCommentTest" time="41.846"/>
  <testcase classname="com.innosabi.e2e.tests.InnovationChallengeTest" name="createIdeaTest" time="0.0">
    <ignored/>
  </testcase> <!-- createIdeaTest -->
</testsuite> <!-- Default test -->
