<?xml version="1.0" encoding="UTF-8"?>
<!-- Generated by org.testng.reporters.JUnitXMLReporter -->
<testsuite ignored="0" hostname="MSI" failures="0" tests="2" name="Innovation Challenge Tests" time="104.859" errors="0" timestamp="2021-05-14T02:47:53 IST">
  <testcase classname="com.innosabi.e2e.tests.InnovationChallengeTest" name="createIdeaTest" time="44.469"/>
  <testcase classname="com.innosabi.e2e.tests.InnovationChallengeTest" name="submitCommentTest" time="25.884"/>
</testsuite> <!-- Innovation Challenge Tests -->
