<?xml version="1.0" encoding="UTF-8"?>
<!-- Generated by org.testng.reporters.JUnitXMLReporter -->
<testsuite ignored="0" hostname="MSI" failures="0" tests="2" name="Innovation Challenge Tests" time="80.524" errors="0" timestamp="2021-05-14T02:02:54 IST">
  <testcase classname="com.innosabi.e2e.tests.InnovationChallengeTest" name="createIdeaTest" time="30.448"/>
  <testcase classname="com.innosabi.e2e.tests.InnovationChallengeTest" name="submitCommentTest" time="25.962"/>
</testsuite> <!-- Innovation Challenge Tests -->
