<?xml version="1.0" encoding="UTF-8"?>
<testng-results ignored="0" total="2" passed="2" failed="0" skipped="0">
  <reporter-output>
  </reporter-output>
  <suite started-at="2021-05-14T02:46:08 IST" name="Innovation Challenge Test Suite" finished-at="2021-05-14T02:47:53 IST" duration-ms="104859">
    <groups>
    </groups>
    <test started-at="2021-05-14T02:46:08 IST" name="Innovation Challenge Tests" finished-at="2021-05-14T02:47:53 IST" duration-ms="104859">
      <class name="com.innosabi.e2e.tests.InnovationChallengeTest">
        <test-method is-config="true" signature="login()[pri:0, instance:com.innosabi.e2e.tests.InnovationChallengeTest@49912c99]" started-at="2021-05-14T02:46:08 IST" name="login" finished-at="2021-05-14T02:46:29 IST" duration-ms="20402" status="PASS">
          <reporter-output>
          </reporter-output>
        </test-method> <!-- login -->
        <test-method signature="createIdeaTest()[pri:0, instance:com.innosabi.e2e.tests.InnovationChallengeTest@49912c99]" started-at="2021-05-14T02:46:29 IST" name="createIdeaTest" finished-at="2021-05-14T02:47:13 IST" duration-ms="44469" status="PASS">
          <reporter-output>
          </reporter-output>
        </test-method> <!-- createIdeaTest -->
        <test-method is-config="true" signature="logout()[pri:0, instance:com.innosabi.e2e.tests.InnovationChallengeTest@49912c99]" started-at="2021-05-14T02:47:13 IST" name="logout" finished-at="2021-05-14T02:47:16 IST" duration-ms="2855" status="PASS">
          <reporter-output>
          </reporter-output>
        </test-method> <!-- logout -->
        <test-method is-config="true" signature="login()[pri:0, instance:com.innosabi.e2e.tests.InnovationChallengeTest@49912c99]" started-at="2021-05-14T02:47:16 IST" name="login" finished-at="2021-05-14T02:47:24 IST" duration-ms="7896" status="PASS">
          <reporter-output>
          </reporter-output>
        </test-method> <!-- login -->
        <test-method signature="submitCommentTest()[pri:0, instance:com.innosabi.e2e.tests.InnovationChallengeTest@49912c99]" started-at="2021-05-14T02:47:24 IST" name="submitCommentTest" finished-at="2021-05-14T02:47:50 IST" duration-ms="25884" status="PASS">
          <reporter-output>
          </reporter-output>
        </test-method> <!-- submitCommentTest -->
        <test-method is-config="true" signature="logout()[pri:0, instance:com.innosabi.e2e.tests.InnovationChallengeTest@49912c99]" started-at="2021-05-14T02:47:50 IST" name="logout" finished-at="2021-05-14T02:47:53 IST" duration-ms="3243" status="PASS">
          <reporter-output>
          </reporter-output>
        </test-method> <!-- logout -->
      </class> <!-- com.innosabi.e2e.tests.InnovationChallengeTest -->
    </test> <!-- Innovation Challenge Tests -->
  </suite> <!-- Innovation Challenge Test Suite -->
</testng-results>
