<?xml version="1.0" encoding="UTF-8"?>
<testng-results ignored="0" total="2" passed="2" failed="0" skipped="0">
  <reporter-output>
  </reporter-output>
  <suite started-at="2021-05-14T02:01:33 IST" name="Innovation Challenge Test Suite" finished-at="2021-05-14T02:02:54 IST" duration-ms="80524">
    <groups>
    </groups>
    <test started-at="2021-05-14T02:01:33 IST" name="Innovation Challenge Tests" finished-at="2021-05-14T02:02:54 IST" duration-ms="80524">
      <class name="com.innosabi.e2e.tests.InnovationChallengeTest">
        <test-method is-config="true" signature="login()[pri:0, instance:com.innosabi.e2e.tests.InnovationChallengeTest@49912c99]" started-at="2021-05-14T02:01:34 IST" name="login" finished-at="2021-05-14T02:01:44 IST" duration-ms="10036" status="PASS">
          <reporter-output>
          </reporter-output>
        </test-method> <!-- login -->
        <test-method signature="createIdeaTest()[pri:0, instance:com.innosabi.e2e.tests.InnovationChallengeTest@49912c99]" started-at="2021-05-14T02:01:44 IST" name="createIdeaTest" finished-at="2021-05-14T02:02:14 IST" duration-ms="30448" status="PASS">
          <reporter-output>
          </reporter-output>
        </test-method> <!-- createIdeaTest -->
        <test-method is-config="true" signature="logout()[pri:0, instance:com.innosabi.e2e.tests.InnovationChallengeTest@49912c99]" started-at="2021-05-14T02:02:14 IST" name="logout" finished-at="2021-05-14T02:02:17 IST" duration-ms="3124" status="PASS">
          <reporter-output>
          </reporter-output>
        </test-method> <!-- logout -->
        <test-method is-config="true" signature="login()[pri:0, instance:com.innosabi.e2e.tests.InnovationChallengeTest@49912c99]" started-at="2021-05-14T02:02:17 IST" name="login" finished-at="2021-05-14T02:02:25 IST" duration-ms="8034" status="PASS">
          <reporter-output>
          </reporter-output>
        </test-method> <!-- login -->
        <test-method signature="submitCommentTest()[pri:0, instance:com.innosabi.e2e.tests.InnovationChallengeTest@49912c99]" started-at="2021-05-14T02:02:25 IST" name="submitCommentTest" finished-at="2021-05-14T02:02:51 IST" duration-ms="25962" status="PASS">
          <reporter-output>
          </reporter-output>
        </test-method> <!-- submitCommentTest -->
        <test-method is-config="true" signature="logout()[pri:0, instance:com.innosabi.e2e.tests.InnovationChallengeTest@49912c99]" started-at="2021-05-14T02:02:51 IST" name="logout" finished-at="2021-05-14T02:02:54 IST" duration-ms="2819" status="PASS">
          <reporter-output>
          </reporter-output>
        </test-method> <!-- logout -->
      </class> <!-- com.innosabi.e2e.tests.InnovationChallengeTest -->
    </test> <!-- Innovation Challenge Tests -->
  </suite> <!-- Innovation Challenge Test Suite -->
</testng-results>
